<?xml version='1.0' encoding='UTF-8'?>
<testsuite hostname="784f43a24fb5" name="com.github.sbt.jacoco.ReportSpec" tests="7" errors="0" failures="0" skipped="0" time="0.038" timestamp="2020-10-29T12:16:38">
                     <properties>
      <property name="java.specification.version" value="13"/><property name="sun.jnu.encoding" value="UTF-8"/><property name="sun.arch.data.model" value="64"/><property name="ftp.proxyPort" value="8099"/><property name="java.vendor.url" value="https://java.oracle.com/"/><property name="sun.boot.library.path" value="/Library/Java/JavaVirtualMachines/jdk-13.0.1.jdk/Contents/Home/lib"/><property name="sun.java.command" value="/usr/local/Cellar/sbt/1.2.6/libexec/bin/sbt-launch.jar"/><property name="jdk.debug" value="release"/><property name="ftp.proxyHost" value="chiproxy.kdc.capitalone.com"/><property name="java.specification.vendor" value="Oracle Corporation"/><property name="java.version.date" value="2019-10-15"/><property name="java.home" value="/Library/Java/JavaVirtualMachines/jdk-13.0.1.jdk/Contents/Home"/><property name="file.separator" value="/"/><property name="java.vm.compressedOopsMode" value="Zero based"/><property name="line.separator" value="
"/><property name="java.vm.specification.vendor" value="Oracle Corporation"/><property name="java.specification.name" value="Java Platform API Specification"/><property name="sun.management.compiler" value="HotSpot 64-Bit Tiered Compilers"/><property name="java.runtime.version" value="13.0.1+9"/><property name="user.name" value="wmy965"/><property name="log4j.ignoreTCL" value="true"/><property name="file.encoding" value="UTF-8"/><property name="jnidispatch.path" value="/var/folders/ph/ccz4n1qs62n0bn8mqdg94gsw0000gp/T/jna--783773323/jna13497193862048933456.tmp"/><property name="jna.loaded" value="true"/><property name="java.io.tmpdir" value="/var/folders/ph/ccz4n1qs62n0bn8mqdg94gsw0000gp/T/"/><property name="java.version" value="13.0.1"/><property name="java.vm.specification.name" value="Java Virtual Machine Specification"/><property name="java.library.path" value="/Users/wmy965/Library/Java/Extensions:/Library/Java/Extensions:/Network/Library/Java/Extensions:/System/Library/Java/Extensions:/usr/lib/java:."/><property name="java.vendor" value="Oracle Corporation"/><property name="scala.ext.dirs" value="/Users/wmy965/.sbt/0.13/java9-rt-ext-oracle_corporation_13_0_1"/><property name="sun.io.unicode.encoding" value="UnicodeBig"/><property name="socksNonProxyHosts" value="localhost|*.localhost|127.0.0.1"/><property name="http.proxyHost" value="chiproxy.kdc.capitalone.com"/><property name="java.class.path" value="/usr/local/Cellar/sbt/1.2.6/libexec/bin/sbt-launch.jar"/><property name="https.proxyPort" value="8099"/><property name="java.vm.vendor" value="Oracle Corporation"/><property name="jline.shutdownhook" value="false"/><property name="user.timezone" value="America/Chicago"/><property name="java.vm.specification.version" value="13"/><property name="os.name" value="Mac OS X"/><property name="sun.java.launcher" value="SUN_STANDARD"/><property name="user.country" value="US"/><property name="http.nonProxyHosts" value="localhost|*.localhost|127.0.0.1"/><property name="sun.cpu.endian" value="little"/><property name="user.home" value="/Users/wmy965"/><property name="user.language" value="en"/><property name="swoval.tmpdir" value="/Users/wmy965/.sbt/1.0"/><property name="https.proxyHost" value="chiproxy.kdc.capitalone.com"/><property name="jline.esc.timeout" value="0"/><property name="ftp.nonProxyHosts" value="localhost|*.localhost|127.0.0.1"/><property name="path.separator" value=":"/><property name="os.version" value="10.15.7"/><property name="jna.nosys" value="true"/><property name="java.runtime.name" value="Java(TM) SE Runtime Environment"/><property name="sun.nio.ch.bugLevel" value=""/><property name="java.vm.name" value="Java HotSpot(TM) 64-Bit Server VM"/><property name="jna.platform.library.path" value="/usr/lib:/usr/lib"/><property name="java.vendor.url.bug" value="https://bugreport.java.com/bugreport/"/><property name="user.dir" value="/Users/wmy965/git/jacoco4sbt"/><property name="os.arch" value="x86_64"/><property name="java.vm.info" value="mixed mode, sharing"/><property name="java.vm.version" value="13.0.1+9"/><property name="java.class.version" value="57.0"/><property name="http.proxyPort" value="8099"/>
    </properties>
                     <testcase classname="com.github.sbt.jacoco.ReportSpec" name="checkCounter should return false if coverage is less than required" time="0.022">
                                                 
                                               </testcase><testcase classname="com.github.sbt.jacoco.ReportSpec" name="checkCounter should return true if coverage is more than required" time="0.001">
                                                 
                                               </testcase><testcase classname="com.github.sbt.jacoco.ReportSpec" name="checkCounter should if coverage is equals to required" time="0.001">
                                                 
                                               </testcase><testcase classname="com.github.sbt.jacoco.ReportSpec" name="checkCounter should return true if required coverage is 0 and ratio is NaN" time="0.001">
                                                 
                                               </testcase><testcase classname="com.github.sbt.jacoco.ReportSpec" name="checkCounter should return true if required coverage is 0 and ratio is 0" time="0.001">
                                                 
                                               </testcase><testcase classname="com.github.sbt.jacoco.ReportSpec" name="checkCoverage should return true if all required coverage metrics are met" time="0.007">
                                                 
                                               </testcase><testcase classname="com.github.sbt.jacoco.ReportSpec" name="checkCoverage should return false if at least one metric is not met" time="0.005">
                                                 
                                               </testcase>
                     <system-out><![CDATA[]]></system-out>
                     <system-err><![CDATA[]]></system-err>
                   </testsuite>